<?xml version="1.0" encoding="UTF-8"?>
<!-- Generated by org.testng.reporters.JUnitReportReporter -->
<testsuite hostname="DESKTOP-KAH4V20" failures="0" tests="1" name="com.cjc.mt.webapp.test.LoginTest" time="50.721" errors="0" timestamp="2024-07-04T12:04:57 IST" skipped="0">
  <testcase classname="com.cjc.mt.webapp.test.LoginTest" name="loginTest" time="50.721"/>
  <system-out/>
</testsuite> <!-- com.cjc.mt.webapp.test.LoginTest -->
